mode: set
gin-app/config/config.go:39.36,44.45 4 0
gin-app/config/config.go:44.45,46.3 1 0
gin-app/config/config.go:48.2,49.46 2 0
gin-app/config/config.go:49.46,51.3 1 0
gin-app/config/config.go:53.2,53.18 1 0
gin-app/config/config.go:57.38,69.2 1 0
gin-app/utils/pagination.go:8.32,15.15 3 0
gin-app/utils/pagination.go:15.15,17.3 1 0
gin-app/utils/pagination.go:19.2,20.16 2 0
gin-app/utils/pagination.go:20.16,23.3 1 0
gin-app/utils/pagination.go:25.2,25.12 1 0
gin-app/utils/pagination.go:25.12,27.3 1 0
gin-app/utils/pagination.go:29.2,29.17 1 0
gin-app/utils/pagination.go:29.17,31.3 1 0
gin-app/utils/pagination.go:33.2,33.15 1 0
gin-app/main.go:29.13,31.16 2 0
gin-app/main.go:31.16,33.3 1 0
gin-app/main.go:35.2,36.16 2 0
gin-app/main.go:36.16,38.3 1 0
gin-app/main.go:40.2,42.33 2 0
gin-app/main.go:42.33,44.3 1 0
gin-app/main.go:46.2,71.40 9 0
gin-app/main.go:71.40,73.3 1 0
gin-app/main.go:75.2,77.13 3 0
gin-app/main.go:82.32,93.16 6 0
gin-app/main.go:93.16,95.39 1 0
gin-app/main.go:95.39,98.4 1 0
gin-app/main.go:98.9,101.4 1 0
gin-app/main.go:102.8,102.23 1 0
gin-app/main.go:102.23,105.3 1 0
gin-app/main.go:105.8,105.35 1 0
gin-app/main.go:105.35,108.3 1 0
gin-app/main.go:108.8,110.3 1 0
gin-app/main.go:112.2,113.43 2 0
gin-app/main.go:113.43,115.3 1 0
gin-app/main.go:117.2,119.16 3 0
gin-app/main.go:119.16,122.3 2 0
gin-app/main.go:124.2,134.16 4 0
gin-app/main.go:134.16,137.3 2 0
gin-app/main.go:138.2,142.18 3 0
gin-app/main.go:142.18,152.17 3 0
gin-app/main.go:152.17,155.4 2 0
gin-app/main.go:156.3,156.27 1 0
gin-app/main.go:159.2,166.4 2 0
gin-app/main.go:169.41,173.27 3 0
gin-app/main.go:173.27,176.3 2 0
gin-app/main.go:179.2,195.16 4 0
gin-app/main.go:195.16,196.36 1 0
gin-app/main.go:196.36,199.4 2 0
gin-app/main.go:200.3,201.9 2 0
gin-app/main.go:204.2,204.31 1 0
gin-app/main.go:219.48,222.27 3 0
gin-app/main.go:222.27,225.3 2 0
gin-app/main.go:226.2,226.17 1 0
gin-app/main.go:230.40,232.46 2 0
gin-app/main.go:232.46,235.3 2 0
gin-app/main.go:237.2,241.20 4 0
gin-app/main.go:241.20,244.3 2 0
gin-app/main.go:245.2,245.24 1 0
gin-app/main.go:245.24,248.3 2 0
gin-app/main.go:249.2,249.22 1 0
gin-app/main.go:249.22,252.3 2 0
gin-app/main.go:253.2,253.24 1 0
gin-app/main.go:253.24,256.3 2 0
gin-app/main.go:257.2,257.29 1 0
gin-app/main.go:257.29,260.3 2 0
gin-app/main.go:262.2,266.16 2 0
gin-app/main.go:266.16,269.3 2 0
gin-app/main.go:271.2,272.16 2 0
gin-app/main.go:272.16,275.3 2 0
gin-app/main.go:278.2,287.16 3 0
gin-app/main.go:287.16,290.3 2 0
gin-app/main.go:292.2,292.31 1 0
gin-app/main.go:296.40,298.9 2 0
gin-app/main.go:298.9,300.3 1 0
gin-app/main.go:302.2,303.46 2 0
gin-app/main.go:303.46,306.3 2 0
gin-app/main.go:308.2,311.21 3 0
gin-app/main.go:311.21,313.14 2 0
gin-app/main.go:313.14,316.4 2 0
gin-app/main.go:317.3,317.18 1 0
gin-app/main.go:317.18,320.4 2 0
gin-app/main.go:321.3,322.25 2 0
gin-app/main.go:325.2,325.23 1 0
gin-app/main.go:325.23,327.15 2 0
gin-app/main.go:327.15,330.4 2 0
gin-app/main.go:331.3,332.26 2 0
gin-app/main.go:335.2,335.25 1 0
gin-app/main.go:335.25,337.15 2 0
gin-app/main.go:337.15,340.4 2 0
gin-app/main.go:341.3,341.20 1 0
gin-app/main.go:341.20,344.4 2 0
gin-app/main.go:345.3,346.26 2 0
gin-app/main.go:349.2,349.19 1 0
gin-app/main.go:349.19,352.3 2 0
gin-app/main.go:354.2,358.16 4 0
gin-app/main.go:358.16,361.3 2 0
gin-app/main.go:363.2,364.19 2 0
gin-app/main.go:364.19,367.3 2 0
gin-app/main.go:370.2,379.16 3 0
gin-app/main.go:379.16,382.3 2 0
gin-app/main.go:384.2,384.31 1 0
gin-app/main.go:388.40,390.9 2 0
gin-app/main.go:390.9,392.3 1 0
gin-app/main.go:394.2,395.16 2 0
gin-app/main.go:395.16,398.3 2 0
gin-app/main.go:400.2,401.19 2 0
gin-app/main.go:401.19,404.3 2 0
gin-app/main.go:406.2,406.52 1 0
